[2015.10.05-19.48.03:213][  0]Log file open, 10/05/15 21:48:03
[2015.10.05-19.48.03:213][  0]LogInit:Display: Running engine for game: MasterBind
[2015.10.05-19.48.03:213][  0]LogInit:Display: RandInit(381374630) SRandInit(381374630).
[2015.10.05-19.48.03:213][  0]LogTaskGraph: Started task graph with 4 named threads and 7 total threads.
[2015.10.05-19.48.03:214][  0]LogStats: Stats thread started at 0.083464
[2015.10.05-19.48.03:214][  0]LogInit: Version: 4.9.2-2707645+++depot+UE4-Releases+4.9
[2015.10.05-19.48.03:214][  0]LogInit: API Version: 2672455
[2015.10.05-19.48.03:214][  0]LogInit: Compiled (64-bit): Sep 28 2015 10:25:44
[2015.10.05-19.48.03:214][  0]LogInit: Compiled with Visual C++: 18.00.21005.01
[2015.10.05-19.48.03:214][  0]LogInit: Build Configuration: Development
[2015.10.05-19.48.03:214][  0]LogInit: Branch Name: ++depot+UE4-Releases+4.9
[2015.10.05-19.48.03:214][  0]LogInit: Command line: 
[2015.10.05-19.48.03:214][  0]LogInit: Base directory: C:/Program Files/Epic Games/4.9/Engine/Binaries/Win64/
[2015.10.05-19.48.03:214][  0]LogInit: Rocket: 1
[2015.10.05-19.48.03:221][  0]LogInit: Using libcurl 7.41.0
[2015.10.05-19.48.03:221][  0]LogInit:  - built for x86_64-pc-win32
[2015.10.05-19.48.03:221][  0]LogInit:  - supports SSL with WinSSL
[2015.10.05-19.48.03:221][  0]LogInit:  - other features:
[2015.10.05-19.48.03:221][  0]LogInit:      CURL_VERSION_SSL
[2015.10.05-19.48.03:221][  0]LogInit:      CURL_VERSION_IPV6
[2015.10.05-19.48.03:221][  0]LogInit:      CURL_VERSION_ASYNCHDNS
[2015.10.05-19.48.03:221][  0]LogInit:      CURL_VERSION_LARGEFILE
[2015.10.05-19.48.03:221][  0]LogInit:      CURL_VERSION_IDN
[2015.10.05-19.48.03:221][  0]LogInit:  CurlRequestOptions (configurable via config and command line):
[2015.10.05-19.48.03:221][  0]LogInit:  - bVerifyPeer = true  - Libcurl will verify peer certificate
[2015.10.05-19.48.03:221][  0]LogInit:  - bUseHttpProxy = false  - Libcurl will NOT use HTTP proxy
[2015.10.05-19.48.03:221][  0]LogInit:  - bDontReuseConnections = false  - Libcurl will reuse connections
[2015.10.05-19.48.03:221][  0]LogInit:  - CertBundlePath = nullptr  - Libcurl will use whatever was configured at build time.
[2015.10.05-19.48.03:227][  0]LogInit: Presizing for 0 objects not considered by GC, pre-allocating 0 bytes.
[2015.10.05-19.48.03:235][  0]LogInit: Object subsystem initialized
[2015.10.05-19.48.03:236][  0]LogInit: Selected Device Profile: [Windows]
[2015.10.05-19.48.03:236][  0]LogInit: Applying CVar settings loaded from the selected device profile: [Windows]
[2015.10.05-19.48.03:247][  0]LogInit: Computer: BLUECALX-PC
[2015.10.05-19.48.03:247][  0]LogInit: User: BlueCalx
[2015.10.05-19.48.03:247][  0]LogInit: CPU Page size=4096, Cores=4
[2015.10.05-19.48.03:247][  0]LogInit: High frequency timer resolution =3.320343 MHz
[2015.10.05-19.48.03:247][  0]LogMemory: Memory total: Physical=9.9GB (10GB approx)
[2015.10.05-19.48.03:247][  0]LogMemory: Platform Memory Stats for Windows
[2015.10.05-19.48.03:247][  0]LogMemory: Process Physical Memory: 54.21 MB used, 54.21 MB peak
[2015.10.05-19.48.03:247][  0]LogMemory: Process Virtual Memory: 56.34 MB used, 56.34 MB peak
[2015.10.05-19.48.03:247][  0]LogMemory: Physical Memory: 3763.04 MB used, 10126.94 MB total
[2015.10.05-19.48.03:247][  0]LogMemory: Virtual Memory: 366.74 MB used, 134217728.00 MB total
[2015.10.05-19.48.03:281][  0]LogTextLocalizationManager: No translations for ('fr-FR') exist, falling back to 'en' for localization and internationalization data.
[2015.10.05-19.48.04:024][  0]LogD3D11RHI: Found D3D11 adapter 0: NVIDIA GeForce GTX 970 (Feature Level 11_0)
[2015.10.05-19.48.04:024][  0]LogD3D11RHI: Adapter has 4008MB of dedicated video memory, 0MB of dedicated system memory, and 5063MB of shared system memory, 1 output[s]
[2015.10.05-19.48.04:027][  0]LogD3D11RHI: Found D3D11 adapter 1: Intel(R) HD Graphics 4000 (Feature Level 11_0)
[2015.10.05-19.48.04:027][  0]LogD3D11RHI: Adapter has 32MB of dedicated video memory, 0MB of dedicated system memory, and 1760MB of shared system memory, 0 output[s]
[2015.10.05-19.48.04:028][  0]LogD3D11RHI: Found D3D11 adapter 2: Microsoft Basic Render Driver (Feature Level 11_0)
[2015.10.05-19.48.04:028][  0]LogD3D11RHI: Adapter has 0MB of dedicated video memory, 0MB of dedicated system memory, and 5063MB of shared system memory, 0 output[s]
[2015.10.05-19.48.04:028][  0]LogD3D11RHI: Chosen D3D11 Adapter Id = 0
[2015.10.05-19.48.04:032][  0]LogD3D11RHI: !Direct3DDevice
[2015.10.05-19.48.04:032][  0]LogRHI: Texture pool is 1361 MB (70% of 1945 MB)
[2015.10.05-19.48.04:044][  0]LogD3D11RHI: Async texture creation enabled
[2015.10.05-19.48.04:060][  0]LogShaderCompilers: Guid format shader working directory is 15 characters bigger than the processId version (../../../../../../Users/BlueCalx/Documents/GitHub/TrapMaster/MasterBind/Intermediate/Shaders/WorkingDirectory/3924/).
[2015.10.05-19.48.04:060][  0]LogShaderCompilers: Cleaned the shader compiler working directory '../../../../../../Users/BlueCalx/Documents/GitHub/TrapMaster/MasterBind/Intermediate/Shaders/tmp/349851444F348A03A0CA8991FCAA39DB/'.
[2015.10.05-19.48.04:060][  0]LogShaderCompilers:Display: Using Local Shader Compiler.
[2015.10.05-19.48.05:068][  0]LogTemp:Display: Loaded TP AllDesktopTargetPlatform
[2015.10.05-19.48.05:073][  0]LogTemp:Display: Loaded TP WindowsClientTargetPlatform
[2015.10.05-19.48.05:079][  0]LogTemp:Display: Loaded TP WindowsNoEditorTargetPlatform
[2015.10.05-19.48.05:085][  0]LogTemp:Display: Loaded TP WindowsServerTargetPlatform
[2015.10.05-19.48.05:091][  0]LogTemp:Display: Loaded TP WindowsTargetPlatform
[2015.10.05-19.48.05:094][  0]LogTemp:Display: Loaded TP AndroidTargetPlatform
[2015.10.05-19.48.05:098][  0]LogTemp:Display: Loaded TP Android_ASTCTargetPlatform
[2015.10.05-19.48.05:101][  0]LogTemp:Display: Loaded TP Android_ATCTargetPlatform
[2015.10.05-19.48.05:104][  0]LogTemp:Display: Loaded TP Android_DXTTargetPlatform
[2015.10.05-19.48.05:108][  0]LogTemp:Display: Loaded TP Android_ETC1TargetPlatform
[2015.10.05-19.48.05:111][  0]LogTemp:Display: Loaded TP Android_ETC2TargetPlatform
[2015.10.05-19.48.05:115][  0]LogTemp:Display: Loaded TP Android_PVRTCTargetPlatform
[2015.10.05-19.48.05:116][  0]LogTemp:Display: Loaded TP HTML5TargetPlatform
[2015.10.05-19.48.05:132][  0]LogTemp:Display: Loaded TP IOSTargetPlatform
[2015.10.05-19.48.05:135][  0]LogTemp:Display: Loaded TP LinuxNoEditorTargetPlatform
[2015.10.05-19.48.05:139][  0]LogTemp:Display: Loaded TP LinuxServerTargetPlatform
[2015.10.05-19.48.05:142][  0]LogTemp:Display: Loaded TP LinuxTargetPlatform
[2015.10.05-19.48.05:142][  0]LogTargetPlatformManager:Display: Building Assets For Windows
[2015.10.05-19.48.05:226][  0]LogDerivedDataCache:Display: Max Cache Size: 512 MB
[2015.10.05-19.48.05:264][  0]LogDerivedDataCache: Loaded boot cache 0.04s 41MB C:/Users/BlueCalx/AppData/Local/UnrealEngine/4.9/DerivedDataCache/Boot.ddc.
[2015.10.05-19.48.05:264][  0]LogDerivedDataCache:Display: Loaded Boot cache: C:/Users/BlueCalx/AppData/Local/UnrealEngine/4.9/DerivedDataCache/Boot.ddc
[2015.10.05-19.48.05:264][  0]LogDerivedDataCache: FDerivedDataBackendGraph:  Pak pak cache file ../../../../../../Users/BlueCalx/Documents/GitHub/TrapMaster/MasterBind/DerivedDataCache/DDC.ddp not found, will not use a pak cache.
[2015.10.05-19.48.05:264][  0]LogDerivedDataCache: Unable to find inner node Pak for hierarchical cache Hierarchy.
[2015.10.05-19.48.05:264][  0]LogDerivedDataCache: FDerivedDataBackendGraph:  CompressedPak pak cache file ../../../../../../Users/BlueCalx/Documents/GitHub/TrapMaster/MasterBind/DerivedDataCache/Compressed.ddp not found, will not use a pak cache.
[2015.10.05-19.48.05:264][  0]LogDerivedDataCache: Unable to find inner node CompressedPak for hierarchical cache Hierarchy.
[2015.10.05-19.48.05:402][  0]LogDerivedDataCache:Display: Pak cache opened for reading ../../../Engine/DerivedDataCache/Compressed.ddp.
[2015.10.05-19.48.05:413][  0]LogDerivedDataCache: Using Local data cache path C:/Users/BlueCalx/AppData/Local/UnrealEngine/Common/DerivedDataCache: Writable
[2015.10.05-19.48.05:602][  0]LogInit: Selected Device Profile: [Windows]
[2015.10.05-19.48.05:605][  0]LogContentStreaming: Texture pool size is 0.000000MB
[2015.10.05-19.48.05:725][  0]LogMeshUtilities: No automatic mesh reduction module available
[2015.10.05-19.48.05:725][  0]LogMeshUtilities: No automatic mesh merging module available
[2015.10.05-19.48.05:952][  0]LogInit: WinSock: version 1.1 (2.2), MaxSocks=32767, MaxUdp=65467
[2015.10.05-19.48.06:591][  0]UdpMessaging: Initializing bridge on interface 0.0.0.0:0 to multicast group 230.0.0.1:6666.
[2015.10.05-19.48.06:699][  0]LogAssetRegistry: FAssetRegistry took 0.0109 seconds to start up
[2015.10.05-19.48.06:872][  0]SourceControl: Info Source control is disabled
[2015.10.05-19.48.06:879][  0]SourceControl: Info Source control is disabled
[2015.10.05-19.48.06:889][  0]SourceControl: Info Source control is disabled
[2015.10.05-19.48.06:900][  0]SourceControl: Info Source control is disabled
[2015.10.05-19.48.07:047][  0]LogLinker:Warning: Asset '../../../Engine/Plugins/Runtime/LeapMotionController/Content/LM_PassthroughMaterial.uasset' has been saved with empty engine version. The asset will be loaded but may be incompatible.
[2015.10.05-19.48.07:122][  0]LogObj: 28361 objects as part of root set at end of initial load.
[2015.10.05-19.48.07:122][  0]LogUObjectAllocator: 6038864 out of 0 bytes used by permanent object pool.
[2015.10.05-19.48.07:176][  0]LogEngine: Initializing Engine...
[2015.10.05-19.48.07:178][  0]LogHMD: Can't find Oculus library dev build: is proper Runtime installed? Version: 0.7.0.0
[2015.10.05-19.48.07:179][  0]LogHMD: SteamVR failed to initialize.  Err: 110
[2015.10.05-19.48.07:298][  0]LogAIModule: Creating AISystem for world NewWorld
[2015.10.05-19.48.07:304][  0]LogInit: XAudio2 using 'Haut-parleurs (Realtek High Definition Audio)' : 2 channels at 48 kHz using 32 bits per sample (channel mask 0x3)
[2015.10.05-19.48.07:315][  0]LogInit: FAudioDevice initialized.
[2015.10.05-19.48.07:335][  0]LogDerivedDataCache: Saved boot cache 0.02s 41MB C:/Users/BlueCalx/AppData/Local/UnrealEngine/4.9/DerivedDataCache/Boot.ddc.
[2015.10.05-19.48.07:340][  0]LogInit: Texture streaming: Enabled
[2015.10.05-19.48.07:345][  0]LogAnalytics: Creating configured Analytics provider AnalyticsET
[2015.10.05-19.48.07:345][  0]LogAnalytics: [UEEditor.Rocket.Release] APIServer = http://et2.epicgames.com/ET2/. AppVersion = 4.9.2-2707645+++depot+UE4-Releases+4.9
[2015.10.05-19.48.07:345][  0]LogAnalytics: [UEEditor.Rocket.Release] SetUserId a10e4cae43422faa09bee881c3e08abb|94a2a06035904ba98f263ec5aec48e1c|6370573e-46ef-4c5b-ad03-aa25a51b60c0
[2015.10.05-19.48.07:346][  0]LogAnalytics: [UEEditor.Rocket.Release] AnalyticsET::StartSession
[2015.10.05-19.48.07:373][  0]LogInit: Transaction tracking system initialized
[2015.10.05-19.48.07:400][  0]BlueprintLog: New page: Editor Load
[2015.10.05-19.48.07:480][  0]LocalizationService: Info Localization service is disabled
[2015.10.05-19.48.07:550][  0]LogConsoleResponse:Display: 
[2015.10.05-19.48.07:661][  0]LogCook:Display: Done creating registry. It took  0.00s.
[2015.10.05-19.48.07:720][  0]LogFileCache: Scanning file cache for directory 'C:/Users/BlueCalx/Documents/GitHub/TrapMaster/MasterBind/Content/' took 0.02s
[2015.10.05-19.48.07:720][  0]SourceControl: Info Source control is disabled
[2015.10.05-19.48.07:720][  0]Cmd: MAP LOAD FILE="../../../../../../Users/BlueCalx/Documents/GitHub/TrapMaster/MasterBind/Content/FirstPersonBP/Maps/FirstPersonExampleMap.umap" TEMPLATE=0 SHOWPROGRESS=1 FEATURELEVEL=3
[2015.10.05-19.48.07:720][  0]LogEditorServer:Warning: Can't find file '../../../../../../Users/BlueCalx/Documents/GitHub/TrapMaster/MasterBind/Content/FirstPersonBP/Maps/FirstPersonExampleMap.umap'
[2015.10.05-19.48.07:720][  0]Cmd: MAP CHECKDEP NOCLEARLOG
[2015.10.05-19.48.07:759][  0]MapCheck: Info Map check complete: 0 Error(s), 0 Warning(s), took 38.557ms to complete.
[2015.10.05-19.48.07:759][  0]LogFileHelpers: Loading map 'FirstPersonExampleMap' took 0.039
[2015.10.05-19.48.07:875][  0]LogCollectionManager: Loaded 0 collections in 0.002276 seconds
[2015.10.05-19.48.07:918][  0]LogFileCache: Scanning file cache for directory 'C:/Users/BlueCalx/Documents/GitHub/TrapMaster/MasterBind/Saved/Collections/' took 0.01s
[2015.10.05-19.48.07:918][  0]LogFileCache: Scanning file cache for directory 'C:/Users/BlueCalx/Documents/GitHub/TrapMaster/MasterBind/Content/Developers/BlueCalx/Collections/' took 0.01s
[2015.10.05-19.48.07:918][  0]LogFileCache: Scanning file cache for directory 'C:/Users/BlueCalx/Documents/GitHub/TrapMaster/MasterBind/Content/Collections/' took 0.01s
[2015.10.05-19.48.07:918][  0]LogContentBrowser: Native class hierarchy populated in 0.0092 seconds. Added 1867 classes and 333 folders.
[2015.10.05-19.48.07:923][  0]LogCollectionManager: Rebuilt the GUID cache for 0 collections in 0.000004 seconds
[2015.10.05-19.48.07:930][  0]LogContentBrowser: Native class hierarchy updated for 'WidgetCarousel' in 0.0003 seconds. Added 0 classes and 0 folders.
[2015.10.05-19.48.08:163][  0]LogContentBrowser: Native class hierarchy updated for 'AddContentDialog' in 0.0003 seconds. Added 0 classes and 0 folders.
[2015.10.05-19.48.08:167][  0]LogContentBrowser: Native class hierarchy updated for 'SceneOutliner' in 0.0003 seconds. Added 1 classes and 2 folders.
[2015.10.05-19.48.08:240][  0]LogCrashTracker: Crashtracker disabled due to settings.
[2015.10.05-19.48.08:246][  0]LogUObjectGlobals:Warning: Failed to find object 'Class None.'
[2015.10.05-19.48.08:268][  0]LogLoad: Full Startup: 5.61 seconds (BP compile: 0.00 seconds)
[2015.10.05-19.48.08:684][  0]LogContentStreaming: Texture pool size now 1000 MB
[2015.10.05-19.48.08:841][  0]LogRenderer: Reallocating scene render targets to support 1028x520 (Frame:2).
[2015.10.05-19.48.09:282][  2]LogAssetRegistry: Asset discovery search completed in 2.5939 seconds
[2015.10.05-19.48.09:282][  2]LogCollectionManager: Rebuilt the object cache for 0 collections in 0.000001 seconds (found 0 objects)
[2015.10.05-19.48.09:282][  2]LogCollectionManager: Fixed up redirectors for 0 collections in 0.000022 seconds (updated 0 objects)
[2015.10.05-20.18.58:525][227]LogLinker:Warning: Asset '../../../../../../Users/BlueCalx/Documents/GitHub/TrapMaster/MasterBind/Content/FirstPersonBP/Blueprints/FirstPersonProjectile.uasset' has been saved with empty engine version. The asset will be loaded but may be incompatible.
[2015.10.05-20.18.58:527][227]LogLinker:Warning: Asset '../../../../../../Users/BlueCalx/Documents/GitHub/TrapMaster/MasterBind/Content/FirstPerson/Meshes/FirstPersonProjectileMesh.uasset' has been saved with empty engine version. The asset will be loaded but may be incompatible.
[2015.10.05-20.18.58:950][227]LogAIModule: Creating AISystem for world FirstPersonExampleMap
[2015.10.05-20.18.58:988][227]Cmd: MAP LOAD FILE="../../../../../../Users/BlueCalx/Documents/GitHub/TrapMaster/MasterBind/Content/FirstPersonBP/Maps/test_maps/FirstPersonExampleMap.umap" TEMPLATE=0 SHOWPROGRESS=1 FEATURELEVEL=3
[2015.10.05-20.18.58:988][227]LightingResults: New page: Lighting Build
[2015.10.05-20.18.58:992][227]LogContentBrowser: Native class hierarchy updated for 'StatsViewer' in 0.0003 seconds. Added 5 classes and 0 folders.
[2015.10.05-20.18.59:030][227]LoadErrors: New page: Loading map: FirstPersonExampleMap.umap
[2015.10.05-20.18.59:030][227]MapCheck: New page: Map Check
[2015.10.05-20.18.59:030][227]LightingResults: New page: Lighting Build
[2015.10.05-20.18.59:039][227]LogParticles: Destroying 0 GPU particle simulations for FXSystem 0x0000003DD1D8A160
[2015.10.05-20.18.59:094][227]LogEditorServer: Finished looking for orphan Actors (0.000 secs)
[2015.10.05-20.18.59:125][227]Cmd: MAP CHECKDEP NOCLEARLOG
[2015.10.05-20.18.59:562][227]MapCheck: Info Map check complete: 0 Error(s), 0 Warning(s), took 437.059ms to complete.
[2015.10.05-20.18.59:566][227]LogFileHelpers: Loading map 'FirstPersonExampleMap' took 0.579
[2015.10.05-20.19.01:593][462]LogLinker:Warning: Asset '../../../../../../Users/BlueCalx/Documents/GitHub/TrapMaster/MasterBind/Content/FirstPersonBP/Blueprints/FirstPersonHUD.uasset' has been saved with empty engine version. The asset will be loaded but may be incompatible.
[2015.10.05-20.19.01:633][462]LogAIModule: Creating AISystem for world test
[2015.10.05-20.19.01:648][462]Cmd: MAP LOAD FILE="../../../../../../Users/BlueCalx/Documents/GitHub/TrapMaster/MasterBind/Content/FirstPersonBP/Maps/test_maps/test.umap" TEMPLATE=0 SHOWPROGRESS=1 FEATURELEVEL=3
[2015.10.05-20.19.01:648][462]LightingResults: New page: Lighting Build
[2015.10.05-20.19.01:663][462]LoadErrors: New page: Loading map: test.umap
[2015.10.05-20.19.01:664][462]MapCheck: New page: Map Check
[2015.10.05-20.19.01:664][462]LightingResults: New page: Lighting Build
[2015.10.05-20.19.01:673][462]LogParticles: Destroying 0 GPU particle simulations for FXSystem 0x0000003DC1CBA980
[2015.10.05-20.19.01:730][462]LogEditorServer: Finished looking for orphan Actors (0.000 secs)
[2015.10.05-20.19.01:758][462]Cmd: MAP CHECKDEP NOCLEARLOG
[2015.10.05-20.19.01:810][462]MapCheck: Info Map check complete: 0 Error(s), 0 Warning(s), took 51.155ms to complete.
[2015.10.05-20.19.01:810][462]LogFileHelpers: Loading map 'test' took 0.162
[2015.10.05-20.19.04:220][708]Cmd: QUIT_EDITOR
[2015.10.05-20.19.04:344][708]LogWindowsTextInputMethodSystem:Display: IME system now deactivated.
[2015.10.05-20.19.04:461][708]LogExit: Preparing to exit.
[2015.10.05-20.19.05:184][708]LogExit: Editor shut down
[2015.10.05-20.19.05:185][708]LogExit: Transaction tracking system shut down
[2015.10.05-20.19.05:185][708]LogParticles: Destroying 0 GPU particle simulations for FXSystem 0x0000003DC1A09B20
[2015.10.05-20.19.05:185][708]LogParticles: Destroying 0 GPU particle simulations for FXSystem 0x0000003DDE1C07C0
[2015.10.05-20.19.05:187][708]LogParticles: Destroying 0 GPU particle simulations for FXSystem 0x0000003DC1BC2340
[2015.10.05-20.19.05:301][708]LogExit: Object subsystem successfully closed.
[2015.10.05-20.19.05:316][708]LogD3D11RHI: Shutdown
[2015.10.05-20.19.05:316][708]LogD3D11RHI: CleanupD3DDevice
[2015.10.05-20.19.05:353][708]LogD3D11RHI: ~FD3D11DynamicRHI
[2015.10.05-20.19.05:370][708]LogModuleManager: Shutting down and abandoning module StatsViewer (197)
[2015.10.05-20.19.05:370][708]LogModuleManager: Shutting down and abandoning module CrashTracker (196)
[2015.10.05-20.19.05:370][708]LogModuleManager: Shutting down and abandoning module SceneOutliner (195)
[2015.10.05-20.19.05:370][708]LogModuleManager: Shutting down and abandoning module SuperSearch (194)
[2015.10.05-20.19.05:370][708]LogModuleManager: Shutting down and abandoning module WidgetCarousel (193)
[2015.10.05-20.19.05:370][708]LogModuleManager: Shutting down and abandoning module AddContentDialog (192)
[2015.10.05-20.19.05:371][708]LogModuleManager: Shutting down and abandoning module EditorWidgets (191)
[2015.10.05-20.19.05:371][708]LogModuleManager: Shutting down and abandoning module CollectionManager (190)
[2015.10.05-20.19.05:372][708]LogModuleManager: Shutting down and abandoning module FoliageEdit (189)
[2015.10.05-20.19.05:372][708]LogModuleManager: Shutting down and abandoning module LandscapeEditor (188)
[2015.10.05-20.19.05:372][708]LogModuleManager: Shutting down and abandoning module ActorPickerMode (187)
[2015.10.05-20.19.05:372][708]LogModuleManager: Shutting down and abandoning module GeometryMode (186)
[2015.10.05-20.19.05:372][708]LogModuleManager: Shutting down and abandoning module TextureAlignMode (185)
[2015.10.05-20.19.05:372][708]LogModuleManager: Shutting down and abandoning module BspMode (184)
[2015.10.05-20.19.05:372][708]LogModuleManager: Shutting down and abandoning module PlacementMode (183)
[2015.10.05-20.19.05:372][708]LogModuleManager: Shutting down and abandoning module AutomationWorker (182)
[2015.10.05-20.19.05:372][708]LogModuleManager: Shutting down and abandoning module CharacterAI (181)
[2015.10.05-20.19.05:372][708]LogModuleManager: Shutting down and abandoning module SmartSnapping (180)
[2015.10.05-20.19.05:372][708]LogModuleManager: Shutting down and abandoning module ViewportSnapping (179)
[2015.10.05-20.19.05:372][708]LogModuleManager: Shutting down and abandoning module LogVisualizer (178)
[2015.10.05-20.19.05:372][708]LogModuleManager: Shutting down and abandoning module GameProjectGeneration (177)
[2015.10.05-20.19.05:372][708]LogModuleManager: Shutting down and abandoning module IntroTutorials (176)
[2015.10.05-20.19.05:372][708]LogModuleManager: Shutting down and abandoning module EditorLiveStreaming (175)
[2015.10.05-20.19.05:372][708]LogModuleManager: Shutting down and abandoning module IOSPlatformEditor (174)
[2015.10.05-20.19.05:372][708]LogModuleManager: Shutting down and abandoning module HTML5PlatformEditor (173)
[2015.10.05-20.19.05:372][708]LogModuleManager: Shutting down and abandoning module AndroidDeviceDetection (172)
[2015.10.05-20.19.06:121][708]LogModuleManager: Shutting down and abandoning module AndroidPlatformEditor (171)
[2015.10.05-20.19.06:121][708]LogModuleManager: Shutting down and abandoning module IOSRuntimeSettings (170)
[2015.10.05-20.19.06:121][708]LogModuleManager: Shutting down and abandoning module AndroidRuntimeSettings (169)
[2015.10.05-20.19.06:121][708]LogModuleManager: Shutting down and abandoning module MergeActors (168)
[2015.10.05-20.19.06:121][708]LogModuleManager: Shutting down and abandoning module SizeMap (167)
[2015.10.05-20.19.06:121][708]LogModuleManager: Shutting down and abandoning module TreeMap (166)
[2015.10.05-20.19.06:121][708]LogModuleManager: Shutting down and abandoning module ReferenceViewer (165)
[2015.10.05-20.19.06:121][708]LogModuleManager: Shutting down and abandoning module LocalizationService (164)
[2015.10.05-20.19.06:121][708]LogModuleManager: Shutting down and abandoning module LocalizationDashboard (163)
[2015.10.05-20.19.06:121][708]LogModuleManager: Shutting down and abandoning module HardwareTargeting (162)
[2015.10.05-20.19.06:121][708]LogModuleManager: Shutting down and abandoning module DeviceProfileEditor (161)
[2015.10.05-20.19.06:121][708]LogModuleManager: Shutting down and abandoning module UndoHistory (160)
[2015.10.05-20.19.06:121][708]LogModuleManager: Shutting down and abandoning module GameplayTagsEditor (159)
[2015.10.05-20.19.06:121][708]LogModuleManager: Shutting down and abandoning module UserFeedback (158)
[2015.10.05-20.19.06:121][708]LogModuleManager: Shutting down and abandoning module XmlParser (157)
[2015.10.05-20.19.06:121][708]LogModuleManager: Shutting down and abandoning module Blutility (156)
[2015.10.05-20.19.06:121][708]LogModuleManager: Shutting down and abandoning module ProjectTargetPlatformEditor (155)
[2015.10.05-20.19.06:121][708]LogModuleManager: Shutting down and abandoning module ProjectSettingsViewer (154)
[2015.10.05-20.19.06:121][708]LogModuleManager: Shutting down and abandoning module InputBindingEditor (153)
[2015.10.05-20.19.06:121][708]LogModuleManager: Shutting down and abandoning module EditorSettingsViewer (152)
[2015.10.05-20.19.06:121][708]LogModuleManager: Shutting down and abandoning module SettingsEditor (151)
[2015.10.05-20.19.06:121][708]LogModuleManager: Shutting down and abandoning module ProjectLauncher (150)
[2015.10.05-20.19.06:121][708]LogModuleManager: Shutting down and abandoning module SessionFrontend (149)
[2015.10.05-20.19.06:121][708]LogModuleManager: Shutting down and abandoning module ProfilerClient (148)
[2015.10.05-20.19.06:121][708]LogModuleManager: Shutting down and abandoning module TargetDeviceServices (147)
[2015.10.05-20.19.06:121][708]LogModuleManager: Shutting down and abandoning module DeviceManager (146)
[2015.10.05-20.19.06:121][708]LogModuleManager: Shutting down and abandoning module AutomationController (145)
[2015.10.05-20.19.06:122][708]LogModuleManager: Shutting down and abandoning module AutomationWindow (144)
[2015.10.05-20.19.06:122][708]LogModuleManager: Shutting down and abandoning module Layers (143)
[2015.10.05-20.19.06:122][708]LogModuleManager: Shutting down and abandoning module ComponentVisualizers (142)
[2015.10.05-20.19.06:122][708]LogModuleManager: Shutting down and abandoning module DetailCustomizations (141)
[2015.10.05-20.19.06:122][708]LogModuleManager: Shutting down and abandoning module PackagesDialog (140)
[2015.10.05-20.19.06:122][708]LogModuleManager: Shutting down and abandoning module Persona (139)
[2015.10.05-20.19.06:122][708]LogModuleManager: Shutting down and abandoning module Kismet (138)
[2015.10.05-20.19.06:122][708]LogModuleManager: Shutting down and abandoning module GraphEditor (137)
[2015.10.05-20.19.06:122][708]LogModuleManager: Shutting down and abandoning module ClassViewer (136)
[2015.10.05-20.19.06:122][708]LogModuleManager: Shutting down and abandoning module Toolbox (135)
[2015.10.05-20.19.06:122][708]LogModuleManager: Shutting down and abandoning module ModuleUI (134)
[2015.10.05-20.19.06:122][708]LogModuleManager: Shutting down and abandoning module MovieSceneTools (133)
[2015.10.05-20.19.06:122][708]LogModuleManager: Shutting down and abandoning module OutputLog (132)
[2015.10.05-20.19.06:122][708]LogModuleManager: Shutting down and abandoning module GammaUI (131)
[2015.10.05-20.19.06:122][708]LogModuleManager: Shutting down and abandoning module Documentation (130)
[2015.10.05-20.19.06:122][708]LogModuleManager: Shutting down and abandoning module GameLiveStreaming (129)
[2015.10.05-20.19.06:122][708]LogModuleManager: Shutting down and abandoning module StreamingPauseRendering (128)
[2015.10.05-20.19.06:122][708]LogModuleManager: Shutting down and abandoning module AnalyticsET (127)
[2015.10.05-20.19.06:122][708]LogModuleManager: Shutting down and abandoning module Analytics (126)
[2015.10.05-20.19.06:122][708]LogModuleManager: Shutting down and abandoning module AITestSuite (125)
[2015.10.05-20.19.06:122][708]LogModuleManager: Shutting down and abandoning module GameplayDebugger (124)
[2015.10.05-20.19.06:122][708]LogModuleManager: Shutting down and abandoning module AIModule (123)
[2015.10.05-20.19.06:122][708]LogModuleManager: Shutting down and abandoning module ProfilerService (122)
[2015.10.05-20.19.06:272][708]LogModuleManager: Shutting down and abandoning module TaskGraph (121)
[2015.10.05-20.19.06:272][708]LogModuleManager: Shutting down and abandoning module SlateRemote (120)
[2015.10.05-20.19.06:272][708]LogModuleManager: Shutting down and abandoning module SteamVRController (119)
[2015.10.05-20.19.06:272][708]LogModuleManager: Shutting down and abandoning module SteamVR (118)
[2015.10.05-20.19.06:272][708]LogModuleManager: Shutting down and abandoning module ProceduralMeshComponent (117)
[2015.10.05-20.19.06:272][708]LogModuleManager: Shutting down and abandoning module OculusRift (116)
[2015.10.05-20.19.06:272][708]LogModuleManager: Shutting down and abandoning module OculusLibrary (115)
[2015.10.05-20.19.06:272][708]LogModuleManager: Shutting down and abandoning module LeapMotionController (114)
[2015.10.05-20.19.06:280][708]LogModuleManager: Shutting down and abandoning module CustomMeshComponent (113)
[2015.10.05-20.19.06:280][708]LogModuleManager: Shutting down and abandoning module CableComponent (112)
[2015.10.05-20.19.06:280][708]LogModuleManager: Shutting down and abandoning module ArchVisCharacter (111)
[2015.10.05-20.19.06:280][708]LogModuleManager: Shutting down and abandoning module MessagingDebugger (110)
[2015.10.05-20.19.06:280][708]LogModuleManager: Shutting down and abandoning module MediaPlayerEditor (109)
[2015.10.05-20.19.06:280][708]LogModuleManager: Shutting down and abandoning module HTML5Networking (108)
[2015.10.05-20.19.06:280][708]LogModuleManager: Shutting down and abandoning module SpeedTreeImporter (107)
[2015.10.05-20.19.06:280][708]LogModuleManager: Shutting down and abandoning module PluginBrowser (106)
[2015.10.05-20.19.06:280][708]LogModuleManager: Shutting down and abandoning module EpicSurvey (105)
[2015.10.05-20.19.06:280][708]LogModuleManager: Shutting down and abandoning module DesktopPlatform (104)
[2015.10.05-20.19.06:280][708]LogModuleManager: Shutting down and abandoning module VisualStudioSourceCodeAccess (103)
[2015.10.05-20.19.06:280][708]LogModuleManager: Shutting down and abandoning module UObjectPlugin (102)
[2015.10.05-20.19.06:280][708]LogModuleManager: Shutting down and abandoning module SubversionSourceControl (101)
[2015.10.05-20.19.06:280][708]LogModuleManager: Shutting down and abandoning module PerforceSourceControl (100)
[2015.10.05-20.19.06:280][708]LogModuleManager: Shutting down and abandoning module SourceControl (99)
[2015.10.05-20.19.06:280][708]LogModuleManager: Shutting down and abandoning module GitSourceControl (98)
[2015.10.05-20.19.06:280][708]LogModuleManager: Shutting down and abandoning module LightPropagationVolumeEditor (97)
[2015.10.05-20.19.06:280][708]LogModuleManager: Shutting down and abandoning module PaperTiledImporter (96)
[2015.10.05-20.19.06:280][708]LogModuleManager: Shutting down and abandoning module PaperSpriteSheetImporter (95)
[2015.10.05-20.19.06:280][708]LogModuleManager: Shutting down and abandoning module MeshPaint (94)
[2015.10.05-20.19.06:280][708]LogModuleManager: Shutting down and abandoning module SlateReflector (93)
[2015.10.05-20.19.06:280][708]LogModuleManager: Shutting down and abandoning module HotReload (92)
[2015.10.05-20.19.06:280][708]LogModuleManager: Shutting down and abandoning module MainFrame (91)
[2015.10.05-20.19.06:280][708]LogModuleManager: Shutting down and abandoning module LevelEditor (90)
[2015.10.05-20.19.06:281][708]LogModuleManager: Shutting down and abandoning module DirectoryWatcher (89)
[2015.10.05-20.19.06:282][708]LogModuleManager: Shutting down and abandoning module AssetRegistry (88)
[2015.10.05-20.19.06:396][708]LogModuleManager: Shutting down and abandoning module ContentBrowser (87)
[2015.10.05-20.19.06:397][708]LogModuleManager: Shutting down and abandoning module Paper2DEditor (86)
[2015.10.05-20.19.06:397][708]LogModuleManager: Shutting down and abandoning module UdpMessaging (85)
[2015.10.05-20.19.06:497][708]LogModuleManager: Shutting down and abandoning module LightPropagationVolumeRuntime (84)
[2015.10.05-20.19.06:497][708]LogModuleManager: Shutting down and abandoning module Paper2D (83)
[2015.10.05-20.19.06:497][708]LogModuleManager: Shutting down and abandoning module WindowsMoviePlayer (82)
[2015.10.05-20.19.06:501][708]LogModuleManager: Shutting down and abandoning module Media (81)
[2015.10.05-20.19.06:501][708]LogModuleManager: Shutting down and abandoning module WmfMedia (80)
[2015.10.05-20.19.06:502][708]LogModuleManager: Shutting down and abandoning module OnlineBlueprintSupport (79)
[2015.10.05-20.19.06:502][708]LogModuleManager: Shutting down and abandoning module GameplayTasksEditor (78)
[2015.10.05-20.19.06:502][708]LogModuleManager: Shutting down and abandoning module PropertyEditor (77)
[2015.10.05-20.19.06:502][708]LogModuleManager: Shutting down and abandoning module BehaviorTreeEditor (76)
[2015.10.05-20.19.06:502][708]LogModuleManager: Shutting down and abandoning module FunctionalTesting (75)
[2015.10.05-20.19.06:502][708]LogModuleManager: Shutting down and abandoning module CollisionAnalyzer (74)
[2015.10.05-20.19.06:502][708]LogModuleManager: Shutting down and abandoning module WorkspaceMenuStructure (73)
[2015.10.05-20.19.06:502][708]LogModuleManager: Shutting down and abandoning module MessageLog (72)
[2015.10.05-20.19.06:502][708]LogModuleManager: Shutting down and abandoning module Sequencer (71)
[2015.10.05-20.19.06:502][708]LogModuleManager: Shutting down and abandoning module AssetTools (70)
[2015.10.05-20.19.06:502][708]LogModuleManager: Shutting down and abandoning module UMGEditor (69)
[2015.10.05-20.19.06:502][708]LogModuleManager: Shutting down and abandoning module UMG (68)
[2015.10.05-20.19.06:502][708]LogModuleManager: Shutting down and abandoning module Slate (67)
[2015.10.05-20.19.06:502][708]LogModuleManager: Shutting down and abandoning module EditorStyle (66)
[2015.10.05-20.19.06:506][708]LogModuleManager: Shutting down and abandoning module SessionServices (65)
[2015.10.05-20.19.06:506][708]LogModuleManager: Shutting down and abandoning module SourceCodeAccess (64)
[2015.10.05-20.19.06:506][708]LogModuleManager: Shutting down and abandoning module HeadMountedDisplay (63)
[2015.10.05-20.19.06:506][708]LogModuleManager: Shutting down and abandoning module XAudio2 (62)
[2015.10.05-20.19.06:506][708]LogModuleManager: Shutting down and abandoning module Networking (60)
[2015.10.05-20.19.06:506][708]LogModuleManager: Shutting down and abandoning module Core (59)
[2015.10.05-20.19.06:506][708]LogModuleManager: Shutting down and abandoning module KismetCompiler (58)
[2015.10.05-20.19.06:507][708]LogModuleManager: Shutting down and abandoning module PhysXFormats (57)
[2015.10.05-20.19.06:507][708]LogModuleManager: Shutting down and abandoning module MeshUtilities (56)
[2015.10.05-20.19.06:507][708]LogModuleManager: Shutting down and abandoning module CookingStats (55)
[2015.10.05-20.19.06:508][708]LogModuleManager: Shutting down and abandoning module DerivedDataCache (54)
[2015.10.05-20.19.06:531][708]LogDerivedDataCache: Shutdown
[2015.10.05-20.19.06:531][708]LogModuleManager: Shutting down and abandoning module ShaderFormatOpenGL (53)
[2015.10.05-20.19.06:531][708]LogModuleManager: Shutting down and abandoning module ShaderFormatD3D (52)
[2015.10.05-20.19.06:531][708]LogModuleManager: Shutting down and abandoning module MetalShaderFormat (51)
[2015.10.05-20.19.06:531][708]LogModuleManager: Shutting down and abandoning module TextureFormatUncompressed (50)
[2015.10.05-20.19.06:531][708]LogModuleManager: Shutting down and abandoning module TextureFormatPVR (49)
[2015.10.05-20.19.06:531][708]LogModuleManager: Shutting down and abandoning module TextureFormatIntelISPCTexComp (48)
[2015.10.05-20.19.06:531][708]LogModuleManager: Shutting down and abandoning module TextureFormatDXT (47)
[2015.10.05-20.19.06:531][708]LogModuleManager: Shutting down and abandoning module ImageWrapper (46)
[2015.10.05-20.19.06:531][708]LogModuleManager: Shutting down and abandoning module TextureFormatASTC (45)
[2015.10.05-20.19.06:531][708]LogModuleManager: Shutting down and abandoning module TextureFormatAndroid (44)
[2015.10.05-20.19.06:531][708]LogModuleManager: Shutting down and abandoning module AudioFormatOpus (43)
[2015.10.05-20.19.06:531][708]LogModuleManager: Shutting down and abandoning module AudioFormatOgg (42)
[2015.10.05-20.19.06:531][708]LogModuleManager: Shutting down and abandoning module AudioFormatADPCM (41)
[2015.10.05-20.19.06:531][708]LogModuleManager: Shutting down and abandoning module LinuxTargetPlatform (40)
[2015.10.05-20.19.06:531][708]LogModuleManager: Shutting down and abandoning module LinuxServerTargetPlatform (39)
[2015.10.05-20.19.06:531][708]LogModuleManager: Shutting down and abandoning module LinuxNoEditorTargetPlatform (38)
[2015.10.05-20.19.06:531][708]LogModuleManager: Shutting down and abandoning module Messaging (37)
[2015.10.05-20.19.06:531][708]LogModuleManager: Shutting down and abandoning module IOSTargetPlatform (36)
[2015.10.05-20.19.06:531][708]LogModuleManager: Shutting down and abandoning module HTML5TargetPlatform (35)
[2015.10.05-20.19.06:531][708]LogModuleManager: Shutting down and abandoning module Android_PVRTCTargetPlatform (34)
[2015.10.05-20.19.06:531][708]LogModuleManager: Shutting down and abandoning module Android_ETC2TargetPlatform (33)
[2015.10.05-20.19.06:531][708]LogModuleManager: Shutting down and abandoning module Android_ETC1TargetPlatform (32)
[2015.10.05-20.19.06:531][708]LogModuleManager: Shutting down and abandoning module Android_DXTTargetPlatform (31)
[2015.10.05-20.19.06:531][708]LogModuleManager: Shutting down and abandoning module Android_ATCTargetPlatform (30)
[2015.10.05-20.19.06:531][708]LogModuleManager: Shutting down and abandoning module Android_ASTCTargetPlatform (29)
[2015.10.05-20.19.06:531][708]LogModuleManager: Shutting down and abandoning module AndroidTargetPlatform (28)
[2015.10.05-20.19.06:531][708]LogModuleManager: Shutting down and abandoning module WindowsTargetPlatform (27)
[2015.10.05-20.19.06:532][708]LogModuleManager: Shutting down and abandoning module WindowsServerTargetPlatform (26)
[2015.10.05-20.19.06:532][708]LogModuleManager: Shutting down and abandoning module WindowsNoEditorTargetPlatform (25)
[2015.10.05-20.19.06:532][708]LogModuleManager: Shutting down and abandoning module WindowsClientTargetPlatform (24)
[2015.10.05-20.19.06:532][708]LogModuleManager: Shutting down and abandoning module AllDesktopTargetPlatform (23)
[2015.10.05-20.19.06:532][708]LogModuleManager: Shutting down and abandoning module TargetPlatform (22)
[2015.10.05-20.19.06:532][708]LogModuleManager: Shutting down and abandoning module InputCore (21)
[2015.10.05-20.19.06:532][708]LogModuleManager: Shutting down and abandoning module Settings (20)
[2015.10.05-20.19.06:532][708]LogModuleManager: Shutting down and abandoning module OnlineSubsystem (18)
[2015.10.05-20.19.06:532][708]LogModuleManager: Shutting down and abandoning module HTTP (17)
[2015.10.05-20.19.08:535][708]LogModuleManager: Shutting down and abandoning module XMPP (16)
[2015.10.05-20.19.08:535][708]LogModuleManager: Shutting down and abandoning module ExampleDeviceProfileSelector (15)
[2015.10.05-20.19.08:535][708]LogModuleManager: Shutting down and abandoning module TextureCompressor (14)
[2015.10.05-20.19.08:535][708]LogModuleManager: Shutting down and abandoning module ShaderCore (13)
[2015.10.05-20.19.08:535][708]LogModuleManager: Shutting down and abandoning module Landscape (12)
[2015.10.05-20.19.08:535][708]LogModuleManager: Shutting down and abandoning module SlateRHIRenderer (11)
[2015.10.05-20.19.08:536][708]LogModuleManager: Shutting down and abandoning module OpenGLDrv (10)
[2015.10.05-20.19.08:536][708]LogModuleManager: Shutting down and abandoning module D3D11RHI (9)
[2015.10.05-20.19.08:536][708]LogModuleManager: Shutting down and abandoning module AnimGraphRuntime (8)
[2015.10.05-20.19.08:536][708]LogModuleManager: Shutting down and abandoning module Renderer (7)
[2015.10.05-20.19.08:536][708]LogModuleManager: Shutting down and abandoning module Engine (6)
[2015.10.05-20.19.08:536][708]LogModuleManager: Shutting down and abandoning module CoreUObject (5)
[2015.10.05-20.19.08:536][708]LogModuleManager: Shutting down and abandoning module NetworkFile (4)
[2015.10.05-20.19.08:536][708]LogModuleManager: Shutting down and abandoning module StreamingFile (3)
[2015.10.05-20.19.08:536][708]LogModuleManager: Shutting down and abandoning module SandboxFile (2)
[2015.10.05-20.19.08:536][708]LogModuleManager: Shutting down and abandoning module PakFile (1)
[2015.10.05-20.19.08:537][708]LogExit: Exiting.
[2015.10.05-20.19.08:539][708]Log file closed, 10/05/15 22:19:08
